This is pdfTeX, Version 3.14159265-2.6-1.40.21 (MiKTeX 20.11) (preloaded format=pdflatex 2020.11.9)  2 JAN 2021 10:19
entering extended mode
**./main.tex
(main.tex
LaTeX2e <2020-10-01> patch level 2
L3 programming layer <2020-10-27> xparse <2020-03-03>

! LaTeX Error: Missing \begin{document}.

See the LaTeX manual or LaTeX Companion for explanation.
Type  H <return>  for immediate help.
 ...                                              
                                                  
l.1 z
     \documentclass[a4paper,12pt,twoside]{book}
You're in trouble here.  Try typing  <return>  to proceed.
If that doesn't work, type  X <return>  to quit.

Missing character: There is no z in font nullfont!
(C:\Users\hp\AppData\Local\Programs\MiKTeX\tex/latex/base\book.cls
Document Class: book 2020/04/10 v1.4m Standard LaTeX document class
(C:\Users\hp\AppData\Local\Programs\MiKTeX\tex/latex/base\bk12.clo
File: bk12.clo 2020/04/10 v1.4m Standard LaTeX file (size option)
)
\c@part=\count175
\c@chapter=\count176
\c@section=\count177
\c@subsection=\count178
\c@subsubsection=\count179
\c@paragraph=\count180
\c@subparagraph=\count181

Overfull \hbox (20.0pt too wide) in paragraph at lines 1--314
[]
 []

\c@figure=\count182
\c@table=\count183
\abovecaptionskip=\skip47
\belowcaptionskip=\skip48
\bibindent=\dimen138
[1{C:/Users/hp/AppData/Local/MiKTeX/pdftex/config/pdftex.map}])
(C:\Users\hp\AppData\Local\Programs\MiKTeX\tex/latex/base\inputenc.sty
Package: inputenc 2020/08/01 v1.3d Input encoding file
\inpenc@prehook=\toks15
\inpenc@posthook=\toks16
)
(C:\Users\hp\AppData\Local\Programs\MiKTeX\tex/generic/babel\babel.sty
Package: babel 2020/10/27 3.51 The Babel package

(C:\Users\hp\AppData\Local\Programs\MiKTeX\tex/generic/babel\babel.def
File: babel.def 2020/10/27 3.51 Babel common definitions
\babel@savecnt=\count184
\U@D=\dimen139
\l@babelnohyphens=\language79

(C:\Users\hp\AppData\Local\Programs\MiKTeX\tex/generic/babel\txtbabel.def)
\bbl@readstream=\read2
)
\bbl@dirlevel=\count185

*************************************
* Local config file bblopts.cfg used
*
(C:\Users\hp\AppData\Local\Programs\MiKTeX\tex/latex/arabi\bblopts.cfg
File: bblopts.cfg 2005/09/08 v0.1 add Arabic and Farsi to "declared" options of
 babel
)
(C:\Users\hp\AppData\Local\Programs\MiKTeX\tex/latex/babel-english\english.ldf
Language: english 2017/06/06 v3.3r English support from the babel system
Package babel Info: \l@canadian = using hyphenrules for english
(babel)             (\language0) on input line 102.
Package babel Info: \l@australian = using hyphenrules for ukenglish
(babel)             (\language73) on input line 105.
Package babel Info: \l@newzealand = using hyphenrules for ukenglish
(babel)             (\language73) on input line 108.
)) (C:\Users\hp\AppData\Local\Programs\MiKTeX\tex/latex/fancyhdr\fancyhdr.sty
Package: fancyhdr 2019/01/31 v3.10 Extensive control of page headers and footer
s
\f@nch@headwidth=\skip49
\f@nch@O@elh=\skip50
\f@nch@O@erh=\skip51
\f@nch@O@olh=\skip52
\f@nch@O@orh=\skip53
\f@nch@O@elf=\skip54
\f@nch@O@erf=\skip55
\f@nch@O@olf=\skip56
\f@nch@O@orf=\skip57
)
(C:\Users\hp\AppData\Local\Programs\MiKTeX\tex/latex/graphics\graphicx.sty
Package: graphicx 2020/09/09 v1.2b Enhanced LaTeX Graphics (DPC,SPQR)

(C:\Users\hp\AppData\Local\Programs\MiKTeX\tex/latex/graphics\keyval.sty
Package: keyval 2014/10/28 v1.15 key=value parser (DPC)
\KV@toks@=\toks17
)
(C:\Users\hp\AppData\Local\Programs\MiKTeX\tex/latex/graphics\graphics.sty
Package: graphics 2020/08/30 v1.4c Standard LaTeX Graphics (DPC,SPQR)

(C:\Users\hp\AppData\Local\Programs\MiKTeX\tex/latex/graphics\trig.sty
Package: trig 2016/01/03 v1.10 sin cos tan (DPC)
)
(C:\Users\hp\AppData\Local\Programs\MiKTeX\tex/latex/graphics-cfg\graphics.cfg
File: graphics.cfg 2016/06/04 v1.11 sample graphics configuration
)
Package graphics Info: Driver file: pdftex.def on input line 105.
(C:\Users\hp\AppData\Local\Programs\MiKTeX\tex/latex/graphics-def\pdftex.def
File: pdftex.def 2020/10/05 v1.2a Graphics/color driver for pdftex
))
\Gin@req@height=\dimen140
\Gin@req@width=\dimen141
) (C:\Users\hp\AppData\Local\Programs\MiKTeX\tex/latex/amsmath\amsmath.sty
Package: amsmath 2020/09/23 v2.17i AMS math features
\@mathmargin=\skip58

For additional information on amsmath, use the `?' option.
(C:\Users\hp\AppData\Local\Programs\MiKTeX\tex/latex/amsmath\amstext.sty
Package: amstext 2000/06/29 v2.01 AMS text

(C:\Users\hp\AppData\Local\Programs\MiKTeX\tex/latex/amsmath\amsgen.sty
File: amsgen.sty 1999/11/30 v2.0 generic functions
\@emptytoks=\toks18
\ex@=\dimen142
))
(C:\Users\hp\AppData\Local\Programs\MiKTeX\tex/latex/amsmath\amsbsy.sty
Package: amsbsy 1999/11/29 v1.2d Bold Symbols
\pmbraise@=\dimen143
)
(C:\Users\hp\AppData\Local\Programs\MiKTeX\tex/latex/amsmath\amsopn.sty
Package: amsopn 2016/03/08 v2.02 operator names
)
\inf@bad=\count186
LaTeX Info: Redefining \frac on input line 234.
\uproot@=\count187
\leftroot@=\count188
LaTeX Info: Redefining \overline on input line 399.
\classnum@=\count189
\DOTSCASE@=\count190
LaTeX Info: Redefining \ldots on input line 496.
LaTeX Info: Redefining \dots on input line 499.
LaTeX Info: Redefining \cdots on input line 620.
\Mathstrutbox@=\box47
\strutbox@=\box48
\big@size=\dimen144
LaTeX Font Info:    Redeclaring font encoding OML on input line 743.
LaTeX Font Info:    Redeclaring font encoding OMS on input line 744.
\macc@depth=\count191
\c@MaxMatrixCols=\count192
\dotsspace@=\muskip16
\c@parentequation=\count193
\dspbrk@lvl=\count194
\tag@help=\toks19
\row@=\count195
\column@=\count196
\maxfields@=\count197
\andhelp@=\toks20
\eqnshift@=\dimen145
\alignsep@=\dimen146
\tagshift@=\dimen147
\tagwidth@=\dimen148
\totwidth@=\dimen149
\lineht@=\dimen150
\@envbody=\toks21
\multlinegap=\skip59
\multlinetaggap=\skip60
\mathdisplay@stack=\toks22
LaTeX Info: Redefining \[ on input line 2923.
LaTeX Info: Redefining \] on input line 2924.
)
(C:\Users\hp\AppData\Local\Programs\MiKTeX\tex/latex/amsfonts\amssymb.sty
Package: amssymb 2013/01/14 v3.01 AMS font symbols

(C:\Users\hp\AppData\Local\Programs\MiKTeX\tex/latex/amsfonts\amsfonts.sty
Package: amsfonts 2013/01/14 v3.01 Basic AMSFonts support
\symAMSa=\mathgroup4
\symAMSb=\mathgroup5
LaTeX Font Info:    Redeclaring math symbol \hbar on input line 98.
LaTeX Font Info:    Overwriting math alphabet `\mathfrak' in version `bold'
(Font)                  U/euf/m/n --> U/euf/b/n on input line 106.
))
(C:\Users\hp\AppData\Local\Programs\MiKTeX\tex/latex/tools\bm.sty
Package: bm 2019/07/24 v1.2d Bold Symbol Support (DPC/FMi)
\symboldoperators=\mathgroup6
\symboldletters=\mathgroup7
\symboldsymbols=\mathgroup8
LaTeX Font Info:    Redeclaring math alphabet \mathbf on input line 141.
LaTeX Info: Redefining \bm on input line 209.
)
(C:\Users\hp\AppData\Local\Programs\MiKTeX\tex/latex/mathtools\empheq.sty
Package: empheq 2017/03/31 v2.15 Emphasizing equations

(C:\Users\hp\AppData\Local\Programs\MiKTeX\tex/latex/mathtools\mhsetup.sty
Package: mhsetup 2017/03/31 v1.3 programming setup (MH)
)
(C:\Users\hp\AppData\Local\Programs\MiKTeX\tex/latex/mathtools\mathtools.sty
Package: mathtools 2020/03/24 v1.24 mathematical typesetting tools

(C:\Users\hp\AppData\Local\Programs\MiKTeX\tex/latex/tools\calc.sty
Package: calc 2017/05/25 v4.3 Infix arithmetic (KKT,FJ)
\calc@Acount=\count198
\calc@Bcount=\count199
\calc@Adimen=\dimen151
\calc@Bdimen=\dimen152
\calc@Askip=\skip61
\calc@Bskip=\skip62
LaTeX Info: Redefining \setlength on input line 80.
LaTeX Info: Redefining \addtolength on input line 81.
\calc@Ccount=\count266
\calc@Cskip=\skip63
)
LaTeX Info: Thecontrolsequence`\('isalreadyrobust on input line 130.
LaTeX Info: Thecontrolsequence`\)'isalreadyrobust on input line 130.
LaTeX Info: Thecontrolsequence`\['isalreadyrobust on input line 130.
LaTeX Info: Thecontrolsequence`\]'isalreadyrobust on input line 130.
\g_MT_multlinerow_int=\count267
\l_MT_multwidth_dim=\dimen153
\origjot=\skip64
\l_MT_shortvdotswithinadjustabove_dim=\dimen154
\l_MT_shortvdotswithinadjustbelow_dim=\dimen155
\l_MT_above_intertext_sep=\dimen156
\l_MT_below_intertext_sep=\dimen157
\l_MT_above_shortintertext_sep=\dimen158
\l_MT_below_shortintertext_sep=\dimen159
\xmathstrut@box=\box49
\xmathstrut@dim=\dimen160
)
\l_EQ_equationtype_int=\count268
\l_EQ_alignmentmode_int=\count269
\l_EQ_totalwidth_dim=\dimen161
\l_EQ_displaywidth_dim=\dimen162
\l_EQ_temp_linewidth_dim=\dimen163
\l_EQ_linewidth_dim=\dimen164
\EmphEqdelimitershortfall=\dimen165
\EmphEqdelimiterfactor=\count270
\g_EQ_toptag_height_dim=\dimen166
\g_EQ_bottomtag_depth_dim=\dimen167
\g_EQ_toprow_height_dim=\dimen168
\g_EQ_bottomrow_depth_dim=\dimen169
\g_EQ_widesttag_dim=\dimen170
\EQ_mathdisplay_box=\box50
\EQ_tag_box=\box51
\g_EQ_temprow_int=\count271
)
(C:\Users\hp\AppData\Local\Programs\MiKTeX\tex/latex/oberdiek\centernot.sty
Package: centernot 2016/05/16 v1.4 Centers the not symbol horizontally (HO)
)
(C:\Users\hp\AppData\Local\Programs\MiKTeX\tex/latex/preprint\authblk.sty
Package: authblk 2001/02/27 1.3 (PWD)
\affilsep=\skip65
\@affilsep=\skip66
\c@Maxaffil=\count272
\c@authors=\count273
\c@affil=\count274
)
(C:\Users\hp\AppData\Local\Programs\MiKTeX\tex/latex/hyperref\hyperref.sty
Package: hyperref 2020-05-15 v7.00e Hypertext links for LaTeX

(C:\Users\hp\AppData\Local\Programs\MiKTeX\tex/generic/ltxcmds\ltxcmds.sty
Package: ltxcmds 2020-05-10 v1.25 LaTeX kernel commands for general use (HO)
)
(C:\Users\hp\AppData\Local\Programs\MiKTeX\tex/generic/iftex\iftex.sty
Package: iftex 2020/03/06 v1.0d TeX engine tests
)
(C:\Users\hp\AppData\Local\Programs\MiKTeX\tex/generic/pdftexcmds\pdftexcmds.st
y
Package: pdftexcmds 2020-06-27 v0.33 Utility functions of pdfTeX for LuaTeX (HO
)

(C:\Users\hp\AppData\Local\Programs\MiKTeX\tex/generic/infwarerr\infwarerr.sty
Package: infwarerr 2019/12/03 v1.5 Providing info/warning/error messages (HO)
)
Package pdftexcmds Info: \pdf@primitive is available.
Package pdftexcmds Info: \pdf@ifprimitive is available.
Package pdftexcmds Info: \pdfdraftmode found.
)
(C:\Users\hp\AppData\Local\Programs\MiKTeX\tex/generic/kvsetkeys\kvsetkeys.sty
Package: kvsetkeys 2019/12/15 v1.18 Key value parser (HO)
)
(C:\Users\hp\AppData\Local\Programs\MiKTeX\tex/generic/kvdefinekeys\kvdefinekey
s.sty
Package: kvdefinekeys 2019-12-19 v1.6 Define keys (HO)
)
(C:\Users\hp\AppData\Local\Programs\MiKTeX\tex/generic/pdfescape\pdfescape.sty
Package: pdfescape 2019/12/09 v1.15 Implements pdfTeX's escape features (HO)
) (C:\Users\hp\AppData\Local\Programs\MiKTeX\tex/latex/hycolor\hycolor.sty
Package: hycolor 2020-01-27 v1.10 Color options for hyperref/bookmark (HO)
)
(C:\Users\hp\AppData\Local\Programs\MiKTeX\tex/latex/letltxmacro\letltxmacro.st
y
Package: letltxmacro 2019/12/03 v1.6 Let assignment for LaTeX macros (HO)
) (C:\Users\hp\AppData\Local\Programs\MiKTeX\tex/latex/auxhook\auxhook.sty
Package: auxhook 2019-12-17 v1.6 Hooks for auxiliary files (HO)
)
(C:\Users\hp\AppData\Local\Programs\MiKTeX\tex/latex/kvoptions\kvoptions.sty
Package: kvoptions 2020-10-07 v3.14 Key value format for package options (HO)
)
\@linkdim=\dimen171
\Hy@linkcounter=\count275
\Hy@pagecounter=\count276

(C:\Users\hp\AppData\Local\Programs\MiKTeX\tex/latex/hyperref\pd1enc.def
File: pd1enc.def 2020-05-15 v7.00e Hyperref: PDFDocEncoding definition (HO)
Now handling font encoding PD1 ...
... no UTF-8 mapping file for font encoding PD1
)
(C:\Users\hp\AppData\Local\Programs\MiKTeX\tex/generic/intcalc\intcalc.sty
Package: intcalc 2019/12/15 v1.3 Expandable calculations with integers (HO)
)
(C:\Users\hp\AppData\Local\Programs\MiKTeX\tex/generic/etexcmds\etexcmds.sty
Package: etexcmds 2019/12/15 v1.7 Avoid name clashes with e-TeX commands (HO)
)
\Hy@SavedSpaceFactor=\count277
Package hyperref Info: Hyper figures OFF on input line 4464.
Package hyperref Info: Link nesting OFF on input line 4469.
Package hyperref Info: Hyper index ON on input line 4472.
Package hyperref Info: Plain pages OFF on input line 4479.
Package hyperref Info: Backreferencing OFF on input line 4484.
Package hyperref Info: Implicit mode ON; LaTeX internals redefined.
Package hyperref Info: Bookmarks ON on input line 4717.
\c@Hy@tempcnt=\count278

(C:\Users\hp\AppData\Local\Programs\MiKTeX\tex/latex/url\url.sty
\Urlmuskip=\muskip17
Package: url 2013/09/16  ver 3.4  Verb mode for urls, etc.
)
LaTeX Info: Redefining \url on input line 5076.
\XeTeXLinkMargin=\dimen172

(C:\Users\hp\AppData\Local\Programs\MiKTeX\tex/generic/bitset\bitset.sty
Package: bitset 2019/12/09 v1.3 Handle bit-vector datatype (HO)

(C:\Users\hp\AppData\Local\Programs\MiKTeX\tex/generic/bigintcalc\bigintcalc.st
y
Package: bigintcalc 2019/12/15 v1.5 Expandable calculations on big integers (HO
)
))
\Fld@menulength=\count279
\Field@Width=\dimen173
\Fld@charsize=\dimen174
Package hyperref Info: Hyper figures OFF on input line 6347.
Package hyperref Info: Link nesting OFF on input line 6352.
Package hyperref Info: Hyper index ON on input line 6355.
Package hyperref Info: backreferencing OFF on input line 6362.
Package hyperref Info: Link coloring OFF on input line 6367.
Package hyperref Info: Link coloring with OCG OFF on input line 6372.
Package hyperref Info: PDF/A mode OFF on input line 6377.
LaTeX Info: Redefining \ref on input line 6417.
LaTeX Info: Redefining \pageref on input line 6421.
 (C:\Users\hp\AppData\Local\Programs\MiKTeX\tex/latex/base\atbegshi-ltx.sty
Package: atbegshi-ltx 2020/08/17 v1.0a Emulation of the original atbegshi packa
ge
with kernel methods
)
\Hy@abspage=\count280
\c@Item=\count281
\c@Hfootnote=\count282
)
Package hyperref Info: Driver (autodetected): hpdftex.
 (C:\Users\hp\AppData\Local\Programs\MiKTeX\tex/latex/hyperref\hpdftex.def
File: hpdftex.def 2020-05-15 v7.00e Hyperref driver for pdfTeX

(C:\Users\hp\AppData\Local\Programs\MiKTeX\tex/latex/base\atveryend-ltx.sty
Package: atveryend-ltx 2020/08/19 v1.0a Emulation of the original atvery packag
e
with kernel methods
)
\Fld@listcount=\count283
\c@bookmark@seq@number=\count284

(C:\Users\hp\AppData\Local\Programs\MiKTeX\tex/latex/rerunfilecheck\rerunfilech
eck.sty
Package: rerunfilecheck 2019/12/05 v1.9 Rerun checks for auxiliary files (HO)

(C:\Users\hp\AppData\Local\Programs\MiKTeX\tex/generic/uniquecounter\uniquecoun
ter.sty
Package: uniquecounter 2019/12/15 v1.4 Provide unlimited unique counter (HO)
)
Package uniquecounter Info: New unique counter `rerunfilecheck' on input line 2
86.
)
\Hy@SectionHShift=\skip67
)
(C:\Users\hp\AppData\Local\Programs\MiKTeX\tex/latex/psnfss\mathpazo.sty
Package: mathpazo 2020/03/25 PSNFSS-v9.3 Palatino w/ Pazo Math (D.Puga, WaS) 
\symupright=\mathgroup9
)
(C:\Users\hp\AppData\Local\Programs\MiKTeX\tex/latex/xcolor\xcolor.sty
Package: xcolor 2016/05/11 v2.12 LaTeX color extensions (UK)

(C:\Users\hp\AppData\Local\Programs\MiKTeX\tex/latex/graphics-cfg\color.cfg
File: color.cfg 2016/01/02 v1.6 sample color configuration
)
Package xcolor Info: Package option `usenames' ignored on input line 216.
Package xcolor Info: Driver file: pdftex.def on input line 225.

(C:\Users\hp\AppData\Local\Programs\MiKTeX\tex/latex/colortbl\colortbl.sty
Package: colortbl 2020/01/04 v1.0e Color table columns (DPC)

(C:\Users\hp\AppData\Local\Programs\MiKTeX\tex/latex/tools\array.sty
Package: array 2019/08/31 v2.4l Tabular extension package (FMi)
\col@sep=\dimen175
\ar@mcellbox=\box52
\extrarowheight=\dimen176
\NC@list=\toks23
\extratabsurround=\skip68
\backup@length=\skip69
\ar@cellbox=\box53
)
\everycr=\toks24
\minrowclearance=\skip70
)
\rownum=\count285
Package xcolor Info: Model `cmy' substituted by `cmy0' on input line 1348.
Package xcolor Info: Model `hsb' substituted by `rgb' on input line 1352.
Package xcolor Info: Model `RGB' extended on input line 1364.
Package xcolor Info: Model `HTML' substituted by `rgb' on input line 1366.
Package xcolor Info: Model `Hsb' substituted by `hsb' on input line 1367.
Package xcolor Info: Model `tHsb' substituted by `hsb' on input line 1368.
Package xcolor Info: Model `HSB' substituted by `hsb' on input line 1369.
Package xcolor Info: Model `Gray' substituted by `gray' on input line 1370.
Package xcolor Info: Model `wave' substituted by `hsb' on input line 1371.

(C:\Users\hp\AppData\Local\Programs\MiKTeX\tex/latex/graphics\dvipsnam.def
File: dvipsnam.def 2016/06/17 v3.0m Driver-dependent file (DPC,SPQR)
)
(C:\Users\hp\AppData\Local\Programs\MiKTeX\tex/latex/xcolor\svgnam.def
File: svgnam.def 2016/05/11 v2.12 Predefined colors according to SVG 1.1 (UK)
))
Package hyperref Info: Option `colorlinks' set `true' on input line 72.
LaTeX Font Info:    Trying to load font information for OT1+ppl on input line 7
9.

(C:\Users\hp\AppData\Local\Programs\MiKTeX\tex/latex/psnfss\ot1ppl.fd
File: ot1ppl.fd 2001/06/04 font definitions for OT1/ppl.
)
(C:\Users\hp\AppData\Local\Programs\MiKTeX\tex/latex/l3backend\l3backend-pdftex
.def
File: l3backend-pdftex.def 2020-09-24 L3 backend support: PDF output (pdfTeX)
\l__kernel_color_stack_int=\count286
\l__pdf_internal_box=\box54
) (main.aux)
\openout1 = `main.aux'.

LaTeX Font Info:    Checking defaults for OML/cmm/m/it on input line 79.
LaTeX Font Info:    ... okay on input line 79.
LaTeX Font Info:    Checking defaults for OMS/cmsy/m/n on input line 79.
LaTeX Font Info:    ... okay on input line 79.
LaTeX Font Info:    Checking defaults for OT1/cmr/m/n on input line 79.
LaTeX Font Info:    ... okay on input line 79.
LaTeX Font Info:    Checking defaults for T1/cmr/m/n on input line 79.
LaTeX Font Info:    ... okay on input line 79.
LaTeX Font Info:    Checking defaults for TS1/cmr/m/n on input line 79.
LaTeX Font Info:    ... okay on input line 79.
LaTeX Font Info:    Checking defaults for OMX/cmex/m/n on input line 79.
LaTeX Font Info:    ... okay on input line 79.
LaTeX Font Info:    Checking defaults for U/cmr/m/n on input line 79.
LaTeX Font Info:    ... okay on input line 79.
LaTeX Font Info:    Checking defaults for PD1/pdf/m/n on input line 79.
LaTeX Font Info:    ... okay on input line 79.

(C:\Users\hp\AppData\Local\Programs\MiKTeX\tex/context/base/mkii\supp-pdf.mkii
[Loading MPS to PDF converter (version 2006.09.02).]
\scratchcounter=\count287
\scratchdimen=\dimen177
\scratchbox=\box55
\nofMPsegments=\count288
\nofMParguments=\count289
\everyMPshowfont=\toks25
\MPscratchCnt=\count290
\MPscratchDim=\dimen178
\MPnumerator=\count291
\makeMPintoPDFobject=\count292
\everyMPtoPDFconversion=\toks26
)
(C:\Users\hp\AppData\Local\Programs\MiKTeX\tex/latex/epstopdf-pkg\epstopdf-base
.sty
Package: epstopdf-base 2020-01-24 v2.11 Base part for package epstopdf
Package epstopdf-base Info: Redefining graphics rule for `.eps' on input line 4
85.
)
Package hyperref Info: Link coloring ON on input line 79.
 (C:\Users\hp\AppData\Local\Programs\MiKTeX\tex/latex/hyperref\nameref.sty
Package: nameref 2019/09/16 v2.46 Cross-referencing by name of section
(C:\Users\hp\AppData\Local\Programs\MiKTeX\tex/latex/refcount\refcount.sty
Package: refcount 2019/12/15 v3.6 Data extraction from label references (HO)
)
(C:\Users\hp\AppData\Local\Programs\MiKTeX\tex/generic/gettitlestring\gettitles
tring.sty
Package: gettitlestring 2019/12/15 v1.6 Cleanup title references (HO)
)
\c@section@level=\count293
)
LaTeX Info: Redefining \ref on input line 79.
LaTeX Info: Redefining \pageref on input line 79.
LaTeX Info: Redefining \nameref on input line 79.
 (main.out) (main.out)
\@outlinefile=\write3
\openout3 = `main.out'.

 [2


] [1]pdfTeX warning (ext4): destination with the same identifier (name{page.2})
 has been already used, duplicate ignored
<to be read again> 
                   \relax 
l.83 	\tableofcontents
                       [2

] (main.toc
LaTeX Font Info:    Trying to load font information for OML+zplm on input line 
3.

(C:\Users\hp\AppData\Local\Programs\MiKTeX\tex/latex/psnfss\omlzplm.fd
File: omlzplm.fd 2002/09/08 Fontinst v1.914 font definitions for OML/zplm.
)
LaTeX Font Info:    Trying to load font information for OMS+zplm on input line 
3.

(C:\Users\hp\AppData\Local\Programs\MiKTeX\tex/latex/psnfss\omszplm.fd
File: omszplm.fd 2002/09/08 Fontinst v1.914 font definitions for OMS/zplm.
)
LaTeX Font Info:    Trying to load font information for OMX+zplm on input line 
3.

(C:\Users\hp\AppData\Local\Programs\MiKTeX\tex/latex/psnfss\omxzplm.fd
File: omxzplm.fd 2002/09/08 Fontinst v1.914 font definitions for OMX/zplm.
)
LaTeX Font Info:    Font shape `U/msa/m/n' will be
(Font)              scaled to size 12.50409pt on input line 3.
LaTeX Font Info:    Font shape `U/msa/m/n' will be
(Font)              scaled to size 9.37807pt on input line 3.
LaTeX Font Info:    Font shape `U/msa/m/n' will be
(Font)              scaled to size 7.29405pt on input line 3.
LaTeX Font Info:    Font shape `U/msb/m/n' will be
(Font)              scaled to size 12.50409pt on input line 3.
LaTeX Font Info:    Font shape `U/msb/m/n' will be
(Font)              scaled to size 9.37807pt on input line 3.
LaTeX Font Info:    Font shape `U/msb/m/n' will be
(Font)              scaled to size 7.29405pt on input line 3.
LaTeX Font Info:    Trying to load font information for OT1+zplm on input line 
3.

(C:\Users\hp\AppData\Local\Programs\MiKTeX\tex/latex/psnfss\ot1zplm.fd
File: ot1zplm.fd 2002/09/08 Fontinst v1.914 font definitions for OT1/zplm.
)
[3] [4]
Overfull \hbox (23.23032pt too wide) in paragraph at lines 78--78
 [][] [][][]\OT1/ppl/m/n/12 Special case when $\OML/zplm/m/it/12 w\OT1/zplm/m/n
/12 (\OML/zplm/m/it/12 x\OT1/zplm/m/n/12 ) = \OT1/ppl/m/n/12 1$ and $[][] \OML/
zplm/m/it/12 g\OT1/zplm/m/n/12 (\OML/zplm/m/it/12 x\OT1/zplm/m/n/12 )\OML/zplm/
m/it/12 dx \OMS/zplm/m/n/12  [][] \OML/zplm/m/it/12 A[]g\OT1/zplm/m/n/12 (\OML
/zplm/m/it/12 x[]\OT1/zplm/m/n/12 )$[][] [][]  
 []

LaTeX Font Info:    Font shape `U/msa/m/n' will be
(Font)              scaled to size 10.42007pt on input line 100.
LaTeX Font Info:    Font shape `U/msa/m/n' will be
(Font)              scaled to size 7.91925pt on input line 100.
LaTeX Font Info:    Font shape `U/msa/m/n' will be
(Font)              scaled to size 6.25204pt on input line 100.
LaTeX Font Info:    Font shape `U/msb/m/n' will be
(Font)              scaled to size 10.42007pt on input line 100.
LaTeX Font Info:    Font shape `U/msb/m/n' will be
(Font)              scaled to size 7.91925pt on input line 100.
LaTeX Font Info:    Font shape `U/msb/m/n' will be
(Font)              scaled to size 6.25204pt on input line 100.
[5])
\tf@toc=\write4
\openout4 = `main.toc'.

 [6]
Chapter 1.

Underfull \hbox (badness 10000) in paragraph at lines 86--89

 []

LaTeX Font Info:    Trying to load font information for TS1+ppl on input line 9
1.
(C:\Users\hp\AppData\Local\Programs\MiKTeX\tex/latex/psnfss\ts1ppl.fd
File: ts1ppl.fd 2001/06/04 font definitions for TS1/ppl.
) [7

]
[8]
Chapter 2.

Underfull \hbox (badness 10000) in paragraph at lines 106--108

 []


Underfull \hbox (badness 10000) in paragraph at lines 106--108

 []


Underfull \hbox (badness 10000) in paragraph at lines 109--112

 []

LaTeX Font Info:    Trying to load font information for U+fplmbb on input line 
116.
(C:\Users\hp\AppData\Local\Programs\MiKTeX\tex/latex/psnfss\ufplmbb.fd
File: ufplmbb.fd 2003/10/30 Fontinst v1.914 font definitions for U/fplmbb.
)
Underfull \hbox (badness 10000) in paragraph at lines 123--129

 []


Underfull \hbox (badness 10000) in paragraph at lines 123--129

 []

[9

]
Underfull \hbox (badness 10000) in paragraph at lines 145--149

 []


Underfull \hbox (badness 10000) in paragraph at lines 155--163

 []


Underfull \hbox (badness 10000) in paragraph at lines 155--163

 []

[10]
Underfull \hbox (badness 10000) in paragraph at lines 187--191

 []

[11]
Underfull \hbox (badness 10000) in paragraph at lines 213--219

 []


Underfull \hbox (badness 10000) in paragraph at lines 213--219

 []

[12]
Underfull \hbox (badness 10000) in paragraph at lines 273--282

 []

[13] [14

]
Chapter 3.

Underfull \hbox (badness 10000) in paragraph at lines 295--301

 []


Underfull \hbox (badness 10000) in paragraph at lines 295--301

 []


Underfull \hbox (badness 10000) in paragraph at lines 302--307

 []


Underfull \hbox (badness 10000) in paragraph at lines 302--307

 []

[15]
Overfull \hbox (7.28374pt too wide) in paragraph at lines 317--318
\OT1/ppl/m/n/12 Let $\OT1/zplm/m/n/12 [\OML/zplm/m/it/12 a[]\OT1/ppl/m/n/12 , \
OML/zplm/m/it/12 b[]\OT1/zplm/m/n/12 ]\OT1/ppl/m/n/12 , \OT1/zplm/m/n/12 [\OML/
zplm/m/it/12 a[]\OT1/ppl/m/n/12 , \OML/zplm/m/it/12 b[]\OT1/zplm/m/n/12 ]\OT1/p
pl/m/n/12 , [] $, be suc-ces-sive in-ter-vals aris-ing in the al-go-rithm above

 []


Underfull \hbox (badness 10000) in paragraph at lines 320--324

 []

[16] [17] [18

]
Chapter 4.

Underfull \hbox (badness 10000) in paragraph at lines 337--340

 []


Underfull \hbox (badness 10000) in paragraph at lines 340--344

 []

[19]
Underfull \hbox (badness 10000) in paragraph at lines 357--360

 []


Underfull \hbox (badness 10000) in paragraph at lines 365--369

 []


Underfull \hbox (badness 10000) in paragraph at lines 369--372

 []

[20]
Underfull \hbox (badness 10000) in paragraph at lines 387--391

 []


Overfull \hbox (6.10692pt too wide) in paragraph at lines 394--395
\OT1/ppl/m/n/12 as there are ex-am-ples, like piece-wise de-fined func-tions in
 which $\OML/zplm/m/it/12 f[]\OT1/zplm/m/n/12 (\OML/zplm/m/it/12 x[]\OT1/zplm/m
/n/12 )$
 []


Underfull \hbox (badness 10000) in paragraph at lines 396--408

 []

[21]
Underfull \hbox (badness 10000) in paragraph at lines 408--411

 []

[22]
Chapter 5.

Underfull \hbox (badness 10000) in paragraph at lines 418--421

 []


Underfull \hbox (badness 10000) in paragraph at lines 430--434

 []


Underfull \vbox (badness 1184) has occurred while \output is active []

 [23

]
Underfull \hbox (badness 10000) in paragraph at lines 453--456

 []

LaTeX Font Info:    Font shape `U/msa/m/n' will be
(Font)              scaled to size 18.00587pt on input line 465.
LaTeX Font Info:    Font shape `U/msb/m/n' will be
(Font)              scaled to size 18.00587pt on input line 465.

Package hyperref Warning: Token not allowed in a PDF string (PDFDocEncoding):
(hyperref)                removing `math shift' on input line 465.


Package hyperref Warning: Token not allowed in a PDF string (PDFDocEncoding):
(hyperref)                removing `math shift' on input line 465.


Underfull \hbox (badness 10000) in paragraph at lines 466--469

 []

[24]
Underfull \hbox (badness 10000) in paragraph at lines 469--473

 []


Underfull \hbox (badness 10000) in paragraph at lines 488--492

 []

[25] [26

]
Chapter 6.

Underfull \hbox (badness 10000) in paragraph at lines 496--499

 []


Underfull \hbox (badness 10000) in paragraph at lines 499--503

 []


Underfull \hbox (badness 10000) in paragraph at lines 509--514

 []

[27]
Underfull \hbox (badness 10000) in paragraph at lines 514--519

 []


Underfull \hbox (badness 10000) in paragraph at lines 514--519

 []


Underfull \hbox (badness 10000) in paragraph at lines 531--540

 []


Underfull \hbox (badness 10000) in paragraph at lines 540--545

 []


Underfull \hbox (badness 10000) in paragraph at lines 540--545

 []

[28]
Underfull \hbox (badness 10000) in paragraph at lines 545--549

 []


Underfull \hbox (badness 10000) in paragraph at lines 553--557

 []


Underfull \hbox (badness 10000) in paragraph at lines 563--567

 []

[29]
Underfull \hbox (badness 10000) in paragraph at lines 572--580

 []

[30] [31] [32

]
Chapter 7.

Underfull \hbox (badness 10000) in paragraph at lines 593--598

 []


Underfull \hbox (badness 10000) in paragraph at lines 593--598

 []


Underfull \hbox (badness 10000) in paragraph at lines 604--608

 []

[33]
Underfull \hbox (badness 10000) in paragraph at lines 618--622

 []


Overfull \hbox (43.31265pt too wide) detected at line 624
\OML/zplm/m/it/12 g\OT1/zplm/m/n/12 (\OML/zplm/m/it/12 x\OT1/zplm/m/n/12 ) = \O
ML/zplm/m/it/12 x \OMS/zplm/m/n/12   [] \OT1/zplm/m/n/12 = \OML/zplm/m/it/12 x 
\OMS/zplm/m/n/12   [] \OT1/zplm/m/n/12 = []
 []


Underfull \hbox (badness 10000) in paragraph at lines 624--628

 []

[34]
Underfull \hbox (badness 10000) in paragraph at lines 634--640

 []


Underfull \hbox (badness 10000) in paragraph at lines 634--640

 []

[35] [36

]
Chapter 8.

Underfull \hbox (badness 10000) in paragraph at lines 649--652

 []


Underfull \hbox (badness 10000) in paragraph at lines 659--665

 []


Underfull \hbox (badness 10000) in paragraph at lines 659--665

 []


Underfull \hbox (badness 10000) in paragraph at lines 665--668

 []

[37]
Underfull \hbox (badness 10000) in paragraph at lines 676--680

 []

[38]
Underfull \hbox (badness 10000) in paragraph at lines 707--712

 []


Underfull \hbox (badness 10000) in paragraph at lines 712--718

 []


Underfull \hbox (badness 10000) in paragraph at lines 712--718

 []


Underfull \hbox (badness 10000) in paragraph at lines 720--724

 []


Underfull \hbox (badness 10000) in paragraph at lines 724--728

 []

[39]
Underfull \hbox (badness 10000) in paragraph at lines 743--747

 []


Underfull \hbox (badness 10000) in paragraph at lines 747--751

 []

[40]
Underfull \hbox (badness 10000) in paragraph at lines 760--764

 []


Underfull \hbox (badness 10000) in paragraph at lines 764--768

 []

[41]
Overfull \hbox (2.7328pt too wide) in paragraph at lines 779--780
\OT1/ppl/m/n/12 In Lin-ear In-ter-po-la-tion, we have two points, say, $\OT1/zp
lm/m/n/12 (\OML/zplm/m/it/12 x[]\OT1/ppl/m/n/12 , \OML/zplm/m/it/12 f\OT1/zplm/
m/n/12 (\OML/zplm/m/it/12 x[]\OT1/zplm/m/n/12 ))$ \OT1/ppl/m/n/12 and $\OT1/zpl
m/m/n/12 (\OML/zplm/m/it/12 x[]\OT1/ppl/m/n/12 , \OML/zplm/m/it/12 f\OT1/zplm/m
/n/12 (\OML/zplm/m/it/12 x[]\OT1/zplm/m/n/12 ))$\OT1/ppl/m/n/12 .
 []

[42]
Underfull \hbox (badness 10000) in paragraph at lines 797--801

 []


Underfull \hbox (badness 10000) in paragraph at lines 821--824

 []

[43]
Overfull \hbox (61.1143pt too wide) detected at line 833
[]
 []

[44]
Overfull \hbox (29.96333pt too wide) in paragraph at lines 854--858
\OT1/ppl/m/n/12 where $[][] \OT1/zplm/m/n/12 = \OML/zplm/m/it/12 q[]\OT1/zplm/m
/n/12 (\OML/zplm/m/it/12 x[]\OT1/zplm/m/n/12 )$\OT1/ppl/m/n/12 , $\OML/cmm/b/it
/12 c \OT1/zplm/m/n/12 = [][]$ \OT1/ppl/m/n/12 and $\OML/cmm/b/it/12 F \OT1/zpl
m/m/n/12 = [][]$\OT1/ppl/m/n/12 . 
 []


Underfull \hbox (badness 10000) in paragraph at lines 854--858

 []


Underfull \hbox (badness 10000) in paragraph at lines 885--889

 []


Overfull \hbox (22.07668pt too wide) detected at line 894
[]
 []

[45]
Underfull \hbox (badness 10000) in paragraph at lines 900--904

 []


Underfull \hbox (badness 10000) in paragraph at lines 910--914

 []

[46]
Underfull \hbox (badness 10000) in paragraph at lines 924--928

 []


Underfull \hbox (badness 10000) in paragraph at lines 940--945

 []


Underfull \hbox (badness 10000) in paragraph at lines 940--945

 []


Overfull \hbox (122.67068pt too wide) detected at line 951
[]
 []


Underfull \hbox (badness 10000) in paragraph at lines 953--955

 []


Underfull \hbox (badness 10000) in paragraph at lines 953--955

 []

[47]
Overfull \hbox (0.68193pt too wide) in paragraph at lines 968--970
 \OT1/ppl/m/it/12 Proof :  \OT1/ppl/m/n/12 Look-ing at Eq. 8.17, we see that $\
OML/zplm/m/it/12 q[]\OT1/zplm/m/n/12 (\OML/zplm/m/it/12 x\OT1/zplm/m/n/12 )$ \O
T1/ppl/m/n/12 only de-pends on $\OML/zplm/m/it/12 x[]\OT1/ppl/m/n/12 , [] , \OM
L/zplm/m/it/12 x[]$\OT1/ppl/m/n/12 .
 []


Underfull \hbox (badness 10000) in paragraph at lines 976--984

 []


Underfull \hbox (badness 10000) in paragraph at lines 976--984

 []

[48]
Underfull \hbox (badness 10000) in paragraph at lines 984--989

 []


Underfull \hbox (badness 10000) in paragraph at lines 989--993

 []


Underfull \hbox (badness 10000) in paragraph at lines 993--997

 []


Underfull \hbox (badness 10000) in paragraph at lines 1000--1011

 []


Underfull \hbox (badness 10000) in paragraph at lines 1000--1011

 []

[49]
Underfull \hbox (badness 10000) in paragraph at lines 1011--1016

 []


Overfull \hbox (3.10172pt too wide) in paragraph at lines 1023--1024
[]\OT1/ppl/m/n/12 For any $\OML/zplm/m/it/12 n \OT1/zplm/m/n/12 + \OT1/ppl/m/n/
12 1$ dis-tinct points $\OML/zplm/m/it/12 x[]\OT1/ppl/m/n/12 , \OML/zplm/m/it/1
2 x[]\OT1/ppl/m/n/12 , [] , \OML/zplm/m/it/12 x[]$ \OT1/ppl/m/n/12 in $\OT1/zpl
m/m/n/12 [\OML/zplm/m/it/12 a\OT1/ppl/m/n/12 , \OML/zplm/m/it/12 b\OT1/zplm/m/n
/12 ]$ \OT1/ppl/m/n/12 and any $\OML/zplm/m/it/12 f \OMS/zplm/m/n/12 2 \OML/zpl
m/m/it/12 C[]\OT1/zplm/m/n/12 [\OML/zplm/m/it/12 a\OT1/ppl/m/n/12 , \OML/zplm/m
/it/12 b\OT1/zplm/m/n/12 ]$\OT1/ppl/m/n/12 ,
 []

[50]
Underfull \hbox (badness 10000) in paragraph at lines 1042--1046

 []

[51]
Underfull \hbox (badness 10000) in paragraph at lines 1070--1074

 []


Underfull \hbox (badness 10000) in paragraph at lines 1086--1091

 []

[52]
Underfull \hbox (badness 10000) in paragraph at lines 1118--1122

 []


Underfull \hbox (badness 10000) in paragraph at lines 1126--1129

 []

[53]
Underfull \hbox (badness 10000) in paragraph at lines 1156--1159

 []


Underfull \hbox (badness 10000) in paragraph at lines 1159--1163

 []


Underfull \hbox (badness 10000) in paragraph at lines 1163--1169

 []


Underfull \hbox (badness 10000) in paragraph at lines 1163--1169

 []


Underfull \hbox (badness 10000) in paragraph at lines 1170--1173

 []


Overfull \hbox (2.80133pt too wide) in paragraph at lines 1170--1173
\OT1/ppl/m/n/12 Consider that we are given func-tional val-ues of $\OML/zplm/m/
it/12 f\OT1/zplm/m/n/12 (\OML/zplm/m/it/12 x\OT1/zplm/m/n/12 )$ \OT1/ppl/m/n/12
 at points $\OML/zplm/m/it/12 z[]\OT1/ppl/m/n/12 , \OML/zplm/m/it/12 z[]\OT1/pp
l/m/n/12 , [] , \OML/zplm/m/it/12 z[]$\OT1/ppl/m/n/12 .
 []

[54]
Underfull \hbox (badness 10000) in paragraph at lines 1195--1199

 []


Underfull \hbox (badness 10000) in paragraph at lines 1201--1205

 []

[55]
Underfull \hbox (badness 10000) in paragraph at lines 1212--1216

 []


Underfull \hbox (badness 10000) in paragraph at lines 1227--1231

 []

[56]
Underfull \hbox (badness 10000) in paragraph at lines 1233--1250

 []


Underfull \hbox (badness 10000) in paragraph at lines 1233--1250

 []


Underfull \hbox (badness 10000) in paragraph at lines 1233--1250

 []


Underfull \hbox (badness 10000) in paragraph at lines 1250--1255

 []


Underfull \hbox (badness 10000) in paragraph at lines 1250--1255

 []


Underfull \hbox (badness 10000) in paragraph at lines 1257--1263

 []


Underfull \hbox (badness 10000) in paragraph at lines 1257--1263

 []

[57]
Underfull \hbox (badness 10000) in paragraph at lines 1289--1294

 []


Underfull \hbox (badness 10000) in paragraph at lines 1289--1294

 []

[58]
Overfull \hbox (1.13695pt too wide) in paragraph at lines 1308--1312
\OT1/ppl/m/n/12 where $[]$. Note the re-versed or-der of sub-trac-tion in two t
erms. 
 []


Underfull \hbox (badness 10000) in paragraph at lines 1308--1312

 []

[59]
Underfull \hbox (badness 10000) in paragraph at lines 1316--1320

 []


Overfull \hbox (21.46283pt too wide) detected at line 1332
[]
 []


Overfull \hbox (34.4884pt too wide) in paragraph at lines 1347--1351
\OT1/ppl/m/n/12 The Eq. 8.47 leads to $\OML/zplm/m/it/12 n \OMS/zplm/m/n/12   \
OT1/ppl/m/n/12 1$ lin-ear equa-tions with $\OML/zplm/m/it/12 n \OT1/zplm/m/n/12
 + \OT1/ppl/m/n/12 1$ un-known in $\OML/zplm/m/it/12 m[]\OT1/ppl/m/n/12 , \OML/
zplm/m/it/12 m[]\OT1/ppl/m/n/12 , [] , \OML/zplm/m/it/12 m[]$\OT1/ppl/m/n/12 .
 []


Underfull \hbox (badness 10000) in paragraph at lines 1347--1351

 []

[60]
Overfull \hbox (16.24425pt too wide) detected at line 1363
[]
 []


Overfull \hbox (7.96063pt too wide) in paragraph at lines 1372--1376
\OT1/ppl/b/n/12 nant sys-tem\OT1/ppl/m/n/12 , which can be solved by Gaus-sian 
Elim-i-na-tion for $\OML/zplm/m/it/12 m[]\OT1/ppl/m/n/12 , [] , \OML/zplm/m/it/
12 m[]$\OT1/ppl/m/n/12 . 
 []


Underfull \hbox (badness 10000) in paragraph at lines 1372--1376

 []

[61]
Underfull \hbox (badness 10000) in paragraph at lines 1382--1389

 []


Underfull \hbox (badness 10000) in paragraph at lines 1382--1389

 []


Overfull \hbox (4.08253pt too wide) in paragraph at lines 1382--1389
[] \OT1/ppl/m/n/12 : \OT1/ppl/m/it/12 (Min-i-mal Cur-va-ture of Nat-u-ral Cu-bi
c Spline) Let $\OML/zplm/m/it/12 f \OMS/zplm/m/n/12 2 \OML/zplm/m/it/12 C[]\OT1
/zplm/m/n/12 ([\OML/zplm/m/it/12 a\OT1/ppl/m/n/12 , \OML/zplm/m/it/12 b\OT1/zpl
m/m/n/12 ])$
 []


Underfull \hbox (badness 10000) in paragraph at lines 1389--1392

 []


Underfull \hbox (badness 10000) in paragraph at lines 1396--1400

 []


Underfull \vbox (badness 4779) has occurred while \output is active []

 [62]
[63] [64

]
Chapter 9.

Underfull \hbox (badness 10000) in paragraph at lines 1410--1416

 []


Underfull \hbox (badness 10000) in paragraph at lines 1410--1416

 []


Underfull \hbox (badness 10000) in paragraph at lines 1416--1421

 []


Underfull \hbox (badness 10000) in paragraph at lines 1416--1421

 []


Underfull \hbox (badness 10000) in paragraph at lines 1427--1430

 []

[65]
Underfull \hbox (badness 10000) in paragraph at lines 1437--1441

 []


Underfull \hbox (badness 10000) in paragraph at lines 1445--1449

 []


Underfull \hbox (badness 10000) in paragraph at lines 1456--1459

 []


Underfull \hbox (badness 10000) in paragraph at lines 1456--1459

 []

[66]
Underfull \hbox (badness 10000) in paragraph at lines 1462--1465

 []


Underfull \hbox (badness 10000) in paragraph at lines 1473--1478

 []


Underfull \hbox (badness 10000) in paragraph at lines 1473--1478

 []

[67]
Underfull \hbox (badness 10000) in paragraph at lines 1499--1502

 []


Underfull \hbox (badness 10000) in paragraph at lines 1504--1508

 []


Underfull \hbox (badness 10000) in paragraph at lines 1514--1517

 []

[68]
Underfull \hbox (badness 10000) in paragraph at lines 1534--1538

 []

[69]
Underfull \hbox (badness 10000) in paragraph at lines 1539--1542

 []


Underfull \hbox (badness 10000) in paragraph at lines 1560--1564

 []

[70] [71]
Overfull \hbox (16.66417pt too wide) in paragraph at lines 1565--1565
[]\OT1/ppl/b/n/17.28 Approximation of Deriva-tives via Tay-lor's The-
 []


Underfull \hbox (badness 10000) in paragraph at lines 1574--1578

 []


Underfull \hbox (badness 10000) in paragraph at lines 1582--1586

 []

[72]
Underfull \hbox (badness 10000) in paragraph at lines 1605--1611

 []


Underfull \hbox (badness 10000) in paragraph at lines 1605--1611

 []

[73] [74

]
Chapter 10.

Underfull \hbox (badness 10000) in paragraph at lines 1627--1630

 []


Underfull \hbox (badness 10000) in paragraph at lines 1634--1639

 []

[75]
Underfull \hbox (badness 10000) in paragraph at lines 1653--1657

 []


Overfull \hbox (28.53621pt too wide) in paragraph at lines 1666--1666
[]\OT1/ppl/b/n/17.28 Many rules of choos-ing the in-ter-po-lat-ing points 
 []

[76]
<RectangleRule.pdf, id=977, 241.82483pt x 183.20747pt>
File: RectangleRule.pdf Graphic file (type pdf)
<use RectangleRule.pdf>
Package pdftex.def Info: RectangleRule.pdf  used on input line 1680.
(pdftex.def)             Requested size: 195.0pt x 147.73749pt.
<MidPointRule.pdf, id=978, 317.87036pt x 237.63005pt>
File: MidPointRule.pdf Graphic file (type pdf)
<use MidPointRule.pdf>
Package pdftex.def Info: MidPointRule.pdf  used on input line 1692.
(pdftex.def)             Requested size: 195.0pt x 145.77719pt.


LaTeX Warning: `!h' float specifier changed to `!ht'.

<TrapezoidalRule.pdf, id=979, 277.98157pt x 160.08096pt>
File: TrapezoidalRule.pdf Graphic file (type pdf)
<use TrapezoidalRule.pdf>
Package pdftex.def Info: TrapezoidalRule.pdf  used on input line 1708.
(pdftex.def)             Requested size: 195.0pt x 112.29771pt.
[77 <./RectangleRule.pdf>]
Overfull \hbox (35.78807pt too wide) detected at line 1725
[]
 []


Underfull \vbox (badness 10000) has occurred while \output is active []

 [78 <./MidPointRule.pdf> <./TrapezoidalRule.pdf

pdfTeX warning: pdflatex.exe (file ./TrapezoidalRule.pdf): PDF inclusion: multi
ple pdfs with page group included in a single page
>]
<SimpsonRule.pdf, id=1018, 492.88414pt x 263.53053pt>
File: SimpsonRule.pdf Graphic file (type pdf)
<use SimpsonRule.pdf>
Package pdftex.def Info: SimpsonRule.pdf  used on input line 1733.
(pdftex.def)             Requested size: 195.0pt x 104.2603pt.

Overfull \hbox (0.3182pt too wide) detected at line 1749
[]
 []

<CorrectedTrapezoidalRule.pdf, id=1019, 452.22525pt x 263.12415pt>
File: CorrectedTrapezoidalRule.pdf Graphic file (type pdf)
<use CorrectedTrapezoidalRule.pdf>
Package pdftex.def Info: CorrectedTrapezoidalRule.pdf  used on input line 1753.

(pdftex.def)             Requested size: 195.0pt x 113.45834pt.
[79 <./SimpsonRule.pdf>]
Underfull \hbox (badness 10000) in paragraph at lines 1758--1761

 []

[80 <./CorrectedTrapezoidalRule.pdf>]
Underfull \hbox (badness 10000) in paragraph at lines 1788--1792

 []


Underfull \hbox (badness 10000) in paragraph at lines 1805--1808

 []

[81]
Underfull \hbox (badness 10000) in paragraph at lines 1810--1814

 []

[82]
Underfull \hbox (badness 10000) in paragraph at lines 1830--1834

 []


Underfull \hbox (badness 10000) in paragraph at lines 1854--1857

 []

[83]
Underfull \hbox (badness 10000) in paragraph at lines 1859--1863

 []


Underfull \hbox (badness 10000) in paragraph at lines 1876--1880

 []

[84] [85] [86]
Underfull \hbox (badness 10000) in paragraph at lines 1956--1960

 []


Underfull \hbox (badness 10000) in paragraph at lines 1966--1972

 []


Underfull \hbox (badness 10000) in paragraph at lines 1966--1972

 []

[87]
LaTeX Font Info:    Font shape `U/msa/m/n' will be
(Font)              scaled to size 15.0049pt on input line 1984.
LaTeX Font Info:    Font shape `U/msa/m/n' will be
(Font)              scaled to size 8.33606pt on input line 1984.
LaTeX Font Info:    Font shape `U/msb/m/n' will be
(Font)              scaled to size 15.0049pt on input line 1984.
LaTeX Font Info:    Font shape `U/msb/m/n' will be
(Font)              scaled to size 8.33606pt on input line 1984.

Overfull \hbox (34.83517pt too wide) in paragraph at lines 1984--1984
[]\OT1/ppl/b/n/14.4 Special case when $\OML/zplm/m/it/14.4 w\OT1/zplm/m/n/14.4 
(\OML/zplm/m/it/14.4 x\OT1/zplm/m/n/14.4 ) = \OT1/ppl/m/n/14.4 1$ \OT1/ppl/b/n/
14.4 and $[][] \OML/zplm/m/it/14.4 g\OT1/zplm/m/n/14.4 (\OML/zplm/m/it/14.4 x\O
T1/zplm/m/n/14.4 )\OML/zplm/m/it/14.4 dx \OMS/zplm/m/n/14.4  [][] \OML/zplm/m/
it/14.4 A[]g\OT1/zplm/m/n/14.4 (\OML/zplm/m/it/14.4 x[]\OT1/zplm/m/n/14.4 )$ 
 []


Package hyperref Warning: Token not allowed in a PDF string (PDFDocEncoding):
(hyperref)                removing `math shift' on input line 1984.


Package hyperref Warning: Token not allowed in a PDF string (PDFDocEncoding):
(hyperref)                removing `math shift' on input line 1984.


Package hyperref Warning: Token not allowed in a PDF string (PDFDocEncoding):
(hyperref)                removing `math shift' on input line 1984.


Package hyperref Warning: Token not allowed in a PDF string (PDFDocEncoding):
(hyperref)                removing `\intop' on input line 1984.


Package hyperref Warning: Token not allowed in a PDF string (PDFDocEncoding):
(hyperref)                removing `\ilimits@' on input line 1984.


Package hyperref Warning: Token not allowed in a PDF string (PDFDocEncoding):
(hyperref)                removing `subscript' on input line 1984.


Package hyperref Warning: Token not allowed in a PDF string (PDFDocEncoding):
(hyperref)                removing `superscript' on input line 1984.


Package hyperref Warning: Token not allowed in a PDF string (PDFDocEncoding):
(hyperref)                removing `\approx' on input line 1984.


Package hyperref Warning: Token not allowed in a PDF string (PDFDocEncoding):
(hyperref)                removing `\sum@' on input line 1984.


Package hyperref Warning: Token not allowed in a PDF string (PDFDocEncoding):
(hyperref)                removing `\slimits@' on input line 1984.


Package hyperref Warning: Token not allowed in a PDF string (PDFDocEncoding):
(hyperref)                removing `subscript' on input line 1984.


Package hyperref Warning: Token not allowed in a PDF string (PDFDocEncoding):
(hyperref)                removing `superscript' on input line 1984.


Package hyperref Warning: Token not allowed in a PDF string (PDFDocEncoding):
(hyperref)                removing `subscript' on input line 1984.


Package hyperref Warning: Token not allowed in a PDF string (PDFDocEncoding):
(hyperref)                removing `subscript' on input line 1984.


Package hyperref Warning: Token not allowed in a PDF string (PDFDocEncoding):
(hyperref)                removing `math shift' on input line 1984.


Underfull \hbox (badness 10000) in paragraph at lines 1994--1998

 []

[88]
Underfull \hbox (badness 10000) in paragraph at lines 2026--2030

 []

[89]
Underfull \hbox (badness 10000) in paragraph at lines 2053--2056

 []

[90]
Underfull \hbox (badness 10000) in paragraph at lines 2101--2105

 []

[91]
Underfull \hbox (badness 10000) in paragraph at lines 2109--2115

 []


Underfull \hbox (badness 10000) in paragraph at lines 2109--2115

 []


Underfull \hbox (badness 10000) in paragraph at lines 2115--2119

 []

[92]
Chapter 11.

Underfull \hbox (badness 10000) in paragraph at lines 2120--2123

 []


Underfull \hbox (badness 10000) in paragraph at lines 2126--2137

 []


Underfull \hbox (badness 10000) in paragraph at lines 2126--2137

 []

[93

]

Package hyperref Warning: Token not allowed in a PDF string (PDFDocEncoding):
(hyperref)                removing `math shift' on input line 2160.


Package hyperref Warning: Token not allowed in a PDF string (PDFDocEncoding):
(hyperref)                removing `math shift' on input line 2160.


Underfull \hbox (badness 10000) in paragraph at lines 2171--2177

 []


Underfull \hbox (badness 10000) in paragraph at lines 2171--2177

 []

[94]
Overfull \hbox (0.91957pt too wide) in paragraph at lines 2183--2185
\OT1/ppl/m/n/12 The Tay-lor al-go-rithm is said to be of \OT1/ppl/b/n/12 or-der
 $\OML/zplm/m/it/12 k$ \OT1/ppl/b/n/12 if the lo-cal er-ror $\OML/zplm/m/it/12 
E$ \OT1/ppl/b/n/12 is $\OML/zplm/m/it/12 O\OT1/zplm/m/n/12 (\OML/zplm/m/it/12 h
[]\OT1/zplm/m/n/12 )$\OT1/ppl/m/n/12 . 
 []

<EulerMethodODE.pdf, id=1151, 505.1163pt x 298.05978pt>
File: EulerMethodODE.pdf Graphic file (type pdf)
<use EulerMethodODE.pdf>
Package pdftex.def Info: EulerMethodODE.pdf  used on input line 2196.
(pdftex.def)             Requested size: 195.0pt x 115.06491pt.

LaTeX Warning: `!h' float specifier changed to `!ht'.

[95]
Underfull \hbox (badness 10000) in paragraph at lines 2207--2211

 []


Underfull \hbox (badness 10000) in paragraph at lines 2212--2215

 []

[96 <./EulerMethodODE.pdf>]
Underfull \hbox (badness 10000) in paragraph at lines 2221--2225

 []

[97] [98] [99]
Underfull \hbox (badness 10000) in paragraph at lines 2328--2332

 []

[100]
Chapter 12.

Underfull \hbox (badness 10000) in paragraph at lines 2357--2360

 []


Package hyperref Warning: Difference (2) between bookmark levels is greater 
(hyperref)                than one, level fixed on input line 2374.


Underfull \vbox (badness 1199) has occurred while \output is active []

 [101

]
Underfull \hbox (badness 10000) in paragraph at lines 2379--2383

 []


Underfull \hbox (badness 10000) in paragraph at lines 2391--2395

 []

[102]
Underfull \hbox (badness 10000) in paragraph at lines 2427--2433

 []


Underfull \hbox (badness 10000) in paragraph at lines 2427--2433

 []

[103]
Underfull \hbox (badness 10000) in paragraph at lines 2461--2469

 []


Underfull \hbox (badness 10000) in paragraph at lines 2461--2469

 []

[104]
Underfull \hbox (badness 10000) in paragraph at lines 2471--2475

 []


Underfull \hbox (badness 10000) in paragraph at lines 2475--2479

 []

[105]
Underfull \hbox (badness 10000) in paragraph at lines 2494--2498

 []

[106]
Overfull \hbox (3.34927pt too wide) detected at line 2518
\OML/zplm/m/it/12 y[] \OT1/zplm/m/n/12 = \OML/zplm/m/it/12 y[] \OT1/zplm/m/n/12
 + [] []  \OML/zplm/m/it/12 k \OT1/zplm/m/n/12 = \OT1/ppl/m/n/12 1, 2, []
 []


Package hyperref Warning: Token not allowed in a PDF string (PDFDocEncoding):
(hyperref)                removing `\@ifnextchar' on input line 2525.

[107] [108]
Underfull \hbox (badness 10000) in paragraph at lines 2576--2580

 []


Underfull \hbox (badness 10000) in paragraph at lines 2580--2584

 []

[109]
Underfull \hbox (badness 10000) in paragraph at lines 2600--2604

 []

[110]
Chapter 13.

Underfull \hbox (badness 10000) in paragraph at lines 2631--2635

 []


Underfull \hbox (badness 10000) in paragraph at lines 2647--2651

 []


Underfull \hbox (badness 10000) in paragraph at lines 2652--2655

 []

[111

]
Underfull \hbox (badness 10000) in paragraph at lines 2655--2659

 []


Underfull \hbox (badness 10000) in paragraph at lines 2661--2666

 []


Underfull \hbox (badness 10000) in paragraph at lines 2666--2669

 []


Underfull \hbox (badness 10000) in paragraph at lines 2684--2687

 []


Overfull \hbox (79.38835pt too wide) detected at line 2694
[]
 []


Overfull \hbox (29.3747pt too wide) detected at line 2694
[]
 []

[112]
Overfull \hbox (13.74385pt too wide) in paragraph at lines 2697--2697
[]\OT1/ppl/b/n/17.28 Solution to Non-homogeneous LDE with con-
 []


Underfull \hbox (badness 10000) in paragraph at lines 2703--2707

 []

[113] [114

]
Chapter 14.

Underfull \hbox (badness 10000) in paragraph at lines 2716--2720

 []


Underfull \hbox (badness 10000) in paragraph at lines 2725--2728

 []

[115]
Overfull \hbox (4.37883pt too wide) in paragraph at lines 2739--2739
[]\OT1/ppl/b/n/17.28 Finite Dif-fer-ence Ap-prox-i-ma-tions to Deriva-
 []


Underfull \hbox (badness 10000) in paragraph at lines 2743--2749

 []


Underfull \hbox (badness 10000) in paragraph at lines 2743--2749

 []


Underfull \vbox (badness 1852) has occurred while \output is active []

 [116]
Overfull \hbox (16.58386pt too wide) detected at line 2772
[]
 []


Underfull \vbox (badness 1057) has occurred while \output is active []

 [117]
<HeatEquationSchemes.pdf, id=1331, 381.28394pt x 251.51399pt>
File: HeatEquationSchemes.pdf Graphic file (type pdf)
<use HeatEquationSchemes.pdf>
Package pdftex.def Info: HeatEquationSchemes.pdf  used on input line 2806.
(pdftex.def)             Requested size: 390.0pt x 257.26239pt.


LaTeX Warning: `!h' float specifier changed to `!ht'.


Underfull \hbox (badness 10000) in paragraph at lines 2817--2823

 []


Underfull \hbox (badness 10000) in paragraph at lines 2817--2823

 []


Overfull \hbox (2.80705pt too wide) in paragraph at lines 2817--2823
\OT1/ppl/m/n/12 Let $\OML/zplm/m/it/12 u[]$ \OT1/ppl/m/n/12 be the \OT1/ppl/b/n
/12 fi-nite dif-fer-ence ap-prox-i-ma-tion to the true so-lu-tion \OT1/ppl/m/n/
12 at $\OT1/zplm/m/n/12 (\OML/zplm/m/it/12 x[]\OT1/ppl/m/n/12 , \OML/zplm/m/it/
12 t[]\OT1/zplm/m/n/12 )$\OT1/ppl/m/n/12 .
 []

[118]
Underfull \hbox (badness 10000) in paragraph at lines 2826--2829

 []


Underfull \vbox (badness 3668) has occurred while \output is active []

 [119 <./HeatEquationSchemes.pdf>]
Underfull \hbox (badness 10000) in paragraph at lines 2848--2852

 []


Overfull \hbox (7.76068pt too wide) in paragraph at lines 2854--2855
[]\OT1/ppl/m/n/12 This scheme is \OT1/ppl/b/n/12 con-di-tion-ally sta-ble \OT1/
ppl/m/n/12 when $[]$ (will be proved
 []


Underfull \hbox (badness 10000) in paragraph at lines 2858--2861

 []

[120]
Underfull \hbox (badness 10000) in paragraph at lines 2887--2889

 []


Underfull \hbox (badness 10000) in paragraph at lines 2887--2889

 []


Overfull \hbox (1.0066pt too wide) detected at line 2894
[]
 []


Underfull \hbox (badness 10000) in paragraph at lines 2902--2906

 []

[121]
Underfull \hbox (badness 10000) in paragraph at lines 2913--2916

 []

[122]
Overfull \hbox (35.81177pt too wide) detected at line 2953
[]
 []


Underfull \hbox (badness 10000) in paragraph at lines 2953--2957

 []

[123]
Underfull \hbox (badness 10000) in paragraph at lines 3003--3006

 []


Overfull \hbox (1.55885pt too wide) in paragraph at lines 3012--3016
\OT1/ppl/m/n/12 represent the fi-nite dif-fer-ence equa-tion ap-prox-i-ma-tion 
for the PDE at $\OT1/zplm/m/n/12 (\OML/zplm/m/it/12 i\OT1/ppl/m/n/12 , \OML/zpl
m/m/it/12 j\OT1/zplm/m/n/12 )[]$
 []


Underfull \hbox (badness 10000) in paragraph at lines 3012--3016

 []


Underfull \hbox (badness 10000) in paragraph at lines 3016--3024

 []


Underfull \hbox (badness 10000) in paragraph at lines 3016--3024

 []


Underfull \hbox (badness 10000) in paragraph at lines 3016--3024

 []

[124]
Overfull \hbox (111.80835pt too wide) detected at line 3045
[]
 []

[125]
Underfull \hbox (badness 10000) in paragraph at lines 3052--3055

 []


Underfull \hbox (badness 10000) in paragraph at lines 3055--3059

 []


Underfull \hbox (badness 10000) in paragraph at lines 3064--3068

 []


Underfull \hbox (badness 10000) in paragraph at lines 3070--3074

 []


Underfull \vbox (badness 4518) has occurred while \output is active []

 [126]
Underfull \hbox (badness 10000) in paragraph at lines 3118--3122

 []


Underfull \hbox (badness 10000) in paragraph at lines 3129--3133

 []

[127]
Underfull \hbox (badness 10000) in paragraph at lines 3139--3143

 []


Underfull \hbox (badness 10000) in paragraph at lines 3162--3167

 []


Underfull \hbox (badness 10000) in paragraph at lines 3162--3167

 []

[128] [129]
Overfull \hbox (33.1812pt too wide) detected at line 3250
[]
 []


Underfull \hbox (badness 10000) in paragraph at lines 3250--3254

 []


Underfull \hbox (badness 10000) in paragraph at lines 3257--3260

 []


Underfull \hbox (badness 10000) in paragraph at lines 3262--3265

 []

[130]
Underfull \hbox (badness 10000) in paragraph at lines 3269--3275

 []


Underfull \hbox (badness 10000) in paragraph at lines 3269--3275

 []

[131]
Overfull \hbox (2.21944pt too wide) in paragraph at lines 3331--3331
[]\OT1/ppl/b/n/17.28 Stability Anal-y-sis by von Neu-mann Method
 []


Underfull \hbox (badness 10000) in paragraph at lines 3332--3335

 []


Underfull \hbox (badness 10000) in paragraph at lines 3347--3351

 []

[132]
Underfull \hbox (badness 10000) in paragraph at lines 3365--3369

 []

[133]
Underfull \hbox (badness 10000) in paragraph at lines 3382--3386

 []


Underfull \hbox (badness 10000) in paragraph at lines 3390--3394

 []


Underfull \hbox (badness 10000) in paragraph at lines 3394--3399

 []

[134]
<BookEnd.pdf, id=1456, 1243.53328pt x 1264.59622pt>
File: BookEnd.pdf Graphic file (type pdf)
<use BookEnd.pdf>
Package pdftex.def Info: BookEnd.pdf  used on input line 3402.
(pdftex.def)             Requested size: 195.0pt x 198.28734pt.
 [135 <./BookEnd.pdf>] (main.aux)
Package rerunfilecheck Info: File `main.out' has not changed.
(rerunfilecheck)             Checksum: E1B9D9B73AD70F7D9512F4552D46EA4A;8247.
 ) 
Here is how much of TeX's memory you used:
 9932 strings out of 479799
 147719 string characters out of 2871148
 490192 words of memory out of 3000000
 26120 multiletter control sequences out of 15000+200000
 605083 words of font info for 232 fonts, out of 3000000 for 9000
 1141 hyphenation exceptions out of 8191
 66i,31n,72p,566b,472s stack positions out of 5000i,500n,10000p,200000b,50000s
{C:/Users/hp/AppData/Local/Programs/MiKTeX/fonts/enc/dvips/base/8r.enc}<C:/Us
ers/hp/AppData/Local/Programs/MiKTeX/fonts/type1/public/amsfonts/cm/cmex10.pfb>
<C:/Users/hp/AppData/Local/Programs/MiKTeX/fonts/type1/public/amsfonts/cm/cmmi1
0.pfb><C:/Users/hp/AppData/Local/Programs/MiKTeX/fonts/type1/public/amsfonts/cm
/cmmib10.pfb><C:/Users/hp/AppData/Local/Programs/MiKTeX/fonts/type1/public/amsf
onts/cm/cmr10.pfb><C:/Users/hp/AppData/Local/Programs/MiKTeX/fonts/type1/public
/amsfonts/cm/cmr12.pfb><C:/Users/hp/AppData/Local/Programs/MiKTeX/fonts/type1/p
ublic/amsfonts/cm/cmsy10.pfb><C:/Users/hp/AppData/Local/Programs/MiKTeX/fonts/t
ype1/public/amsfonts/cm/cmtt12.pfb><C:/Users/hp/AppData/Local/Programs/MiKTeX/f
onts/type1/public/mathpazo/fplmbb.pfb><C:/Users/hp/AppData/Local/Programs/MiKTe
X/fonts/type1/public/mathpazo/fplmr.pfb><C:/Users/hp/AppData/Local/Programs/MiK
TeX/fonts/type1/public/mathpazo/fplmri.pfb><C:/Users/hp/AppData/Local/Programs/
MiKTeX/fonts/type1/public/amsfonts/symbols/msam10.pfb><C:/Users/hp/AppData/Loca
l/Programs/MiKTeX/fonts/type1/urw/palatino/uplb8a.pfb><C:/Users/hp/AppData/Loca
l/Programs/MiKTeX/fonts/type1/urw/palatino/uplbi8a.pfb><C:/Users/hp/AppData/Loc
al/Programs/MiKTeX/fonts/type1/urw/palatino/uplr8a.pfb><C:/Users/hp/AppData/Loc
al/Programs/MiKTeX/fonts/type1/urw/palatino/uplri8a.pfb>
Output written on main.pdf (137 pages, 801386 bytes).
PDF statistics:
 1623 PDF objects out of 1728 (max. 8388607)
 521 named destinations out of 1000 (max. 500000)
 849 words of extra memory for PDF output out of 10000 (max. 10000000)

